<?xml version="1.0" encoding="UTF-8"?>
<testng-results total="1" passed="1" failed="0" skipped="0">
  <reporter-output>
  </reporter-output>
  <suite started-at="2025-03-22T06:50:50Z" name="Default suite" finished-at="2025-03-22T06:51:19Z" duration-ms="28732">
    <groups>
    </groups>
    <test started-at="2025-03-22T06:50:50Z" name="Chrome test" finished-at="2025-03-22T06:51:19Z" duration-ms="28732">
      <class name="com.saucelabs.SauceLabsAutomationTests">
        <test-method is-config="true" signature="LaunchBrowser()[pri:0, instance:com.saucelabs.SauceLabsAutomationTests@750e2b97]" started-at="2025-03-22T12:20:50Z" name="LaunchBrowser" finished-at="2025-03-22T12:20:59Z" duration-ms="9590" status="PASS">
          <reporter-output>
          </reporter-output>
        </test-method> <!-- LaunchBrowser -->
        <test-method signature="LonginintoSauceLabs()[pri:0, instance:com.saucelabs.SauceLabsAutomationTests@750e2b97]" started-at="2025-03-22T12:20:59Z" name="LonginintoSauceLabs" finished-at="2025-03-22T12:21:18Z" duration-ms="18955" status="PASS">
          <reporter-output>
          </reporter-output>
        </test-method> <!-- LonginintoSauceLabs -->
        <test-method is-config="true" signature="closeBrowser()[pri:0, instance:com.saucelabs.SauceLabsAutomationTests@750e2b97]" started-at="2025-03-22T12:21:18Z" name="closeBrowser" finished-at="2025-03-22T12:21:19Z" duration-ms="168" status="PASS">
          <reporter-output>
          </reporter-output>
        </test-method> <!-- closeBrowser -->
      </class> <!-- com.saucelabs.SauceLabsAutomationTests -->
    </test> <!-- Chrome test -->
  </suite> <!-- Default suite -->
</testng-results>
